<?xml version="1.0" encoding="UTF-8" ?>
<testsuite tests="2" failures="2" name="vendingmachine.service.VendingMachineServiceImplTest" time="0.034" errors="0" skipped="0">
  <properties>
[...]
</properties>
  <testcase classname="vendingmachine.service.VendingMachineServiceImplTest" name="vendingmachine.service.VendingMachineServiceImplTest.testLoadItemsInStock" time="0.034">
    <failure message="Test Items loaded from the file. ==&gt; expected: &lt;{8=christina.venmachineweek3.dto.Items@5d658da7}&gt; but was: &lt;{1=christina.venmachineweek3.dto.Items@5fb21a7, 2=christina.venmachineweek3.dto.Items@207ecd2c, 3=christina.venmachineweek3.dto.Items@a91ca641, 4=christina.venmachineweek3.dto.Items@571a9745, 5=christina.venmachineweek3.dto.Items@f3c749b7, 6=christina.venmachineweek3.dto.Items@dfa93040, 7=christina.venmachineweek3.dto.Items@7ae3ee6a, 8=christina.venmachineweek3.dto.Items@73425375, 9=christina.venmachineweek3.dto.Items@2010ab72, 10=christina.venmachineweek3.dto.Items@4c3cc4a8}&gt;" type="org.opentest4j.AssertionFailedError">org.opentest4j.AssertionFailedError: Test Items loaded from the file. ==&gt; expected: &lt;{8=christina.venmachineweek3.dto.Items@5d658da7}&gt; but was: &lt;{1=christina.venmachineweek3.dto.Items@5fb21a7, 2=christina.venmachineweek3.dto.Items@207ecd2c, 3=christina.venmachineweek3.dto.Items@a91ca641, 4=christina.venmachineweek3.dto.Items@571a9745, 5=christina.venmachineweek3.dto.Items@f3c749b7, 6=christina.venmachineweek3.dto.Items@dfa93040, 7=christina.venmachineweek3.dto.Items@7ae3ee6a, 8=christina.venmachineweek3.dto.Items@73425375, 9=christina.venmachineweek3.dto.Items@2010ab72, 10=christina.venmachineweek3.dto.Items@4c3cc4a8}&gt;
	at org.junit.jupiter.api.AssertionUtils.fail(AssertionUtils.java:55)
	at org.junit.jupiter.api.AssertionUtils.failNotEqual(AssertionUtils.java:62)
	at org.junit.jupiter.api.AssertEquals.assertEquals(AssertEquals.java:182)
	at org.junit.jupiter.api.Assertions.assertEquals(Assertions.java:1135)
	at vendingmachine.service.VendingMachineServiceImplTest.testLoadItemsInStock(VendingMachineServiceImplTest.java:48)
</failure>
    <system-out>loadItemsInStock
</system-out>
  </testcase>
  <testcase classname="vendingmachine.service.VendingMachineServiceImplTest" name="vendingmachine.service.VendingMachineServiceImplTest.testGetChosenItem" time="0">
    <failure message="Check bothe Items equal. ==&gt; expected: &lt;christina.venmachineweek3.dto.Items@5d658da7&gt; but was: &lt;christina.venmachineweek3.dto.Items@5fb21a7&gt;" type="org.opentest4j.AssertionFailedError">org.opentest4j.AssertionFailedError: Check bothe Items equal. ==&gt; expected: &lt;christina.venmachineweek3.dto.Items@5d658da7&gt; but was: &lt;christina.venmachineweek3.dto.Items@5fb21a7&gt;
	at org.junit.jupiter.api.AssertionUtils.fail(AssertionUtils.java:55)
	at org.junit.jupiter.api.AssertionUtils.failNotEqual(AssertionUtils.java:62)
	at org.junit.jupiter.api.AssertEquals.assertEquals(AssertEquals.java:182)
	at org.junit.jupiter.api.Assertions.assertEquals(Assertions.java:1135)
	at vendingmachine.service.VendingMachineServiceImplTest.testGetChosenItem(VendingMachineServiceImplTest.java:63)
</failure>
    <system-out>getChosenItem
</system-out>
  </testcase>
</testsuite>