<?xml version="1.0" encoding="UTF-8" ?>
<testsuite tests="2" failures="2" name="vendingmachine.service.VendingMachineServiceImplTest" time="0.034" errors="0" skipped="0">
  <properties>
    <property name="java.runtime.name" value="Java(TM) SE Runtime Environment"/>
    <property name="java.vm.version" value="19+36-2238"/>
    <property name="sun.boot.library.path" value="C:\Program Files\Java\jdk-19\bin"/>
    <property name="maven.multiModuleProjectDirectory" value="C:\Users\chris\OneDrive\Documents\NetBeansProjects\VenMachineWeek3"/>
    <property name="java.vm.vendor" value="Oracle Corporation"/>
    <property name="java.vendor.url" value="https://java.oracle.com/"/>
    <property name="guice.disable.misplaced.annotation.check" value="true"/>
    <property name="path.separator" value=";"/>
    <property name="java.vm.name" value="Java HotSpot(TM) 64-Bit Server VM"/>
    <property name="sun.os.patch.level" value=""/>
    <property name="user.script" value=""/>
    <property name="user.country" value="US"/>
    <property name="sun.java.launcher" value="SUN_STANDARD"/>
    <property name="test" value="vendingmachine.service.VendingMachineServiceImplTest"/>
    <property name="java.vm.specification.name" value="Java Virtual Machine Specification"/>
    <property name="user.dir" value="C:\Users\chris\OneDrive\Documents\NetBeansProjects\VenMachineWeek3"/>
    <property name="java.vm.compressedOopsMode" value="Zero based"/>
    <property name="java.runtime.version" value="19+36-2238"/>
    <property name="os.arch" value="amd64"/>
    <property name="java.io.tmpdir" value="C:\Users\chris\AppData\Local\Temp\"/>
    <property name="line.separator" value="
"/>
    <property name="java.vm.specification.vendor" value="Oracle Corporation"/>
    <property name="user.variant" value=""/>
    <property name="stderr.encoding" value="Cp1252"/>
    <property name="os.name" value="Windows 11"/>
    <property name="maven.ext.class.path" value="C:\Program Files\NetBeans-15\netbeans\java\maven-nblib\netbeans-eventspy.jar"/>
    <property name="classworlds.conf" value="C:\Program Files\NetBeans-15\netbeans\java\maven\bin\m2.conf"/>
    <property name="sun.jnu.encoding" value="Cp1252"/>
    <property name="stdout.encoding" value="Cp1252"/>
    <property name="java.library.path" value="C:\Program Files\Java\jdk-19\bin;C:\WINDOWS\Sun\Java\bin;C:\WINDOWS\system32;C:\WINDOWS;C:\Program Files\Common Files\Oracle\Java\javapath;C:\Program Files\Eclipse Adoptium\jdk-17.0.4.101-hotspot\bin;C:\Program Files (x86)\Common Files\Oracle\Java\javapath;C:\WINDOWS\system32;C:\WINDOWS;C:\WINDOWS\System32\Wbem;C:\WINDOWS\System32\WindowsPowerShell\v1.0\;C:\WINDOWS\System32\OpenSSH\;C:\Program Files\dotnet\;C:\Program Files\Git\cmd;C:\Program Files\Go\bin;C:\Program Files\PowerShell\7\;C:\Program Files\MySQL\MySQL Shell 8.0\bin\;C:\Users\chris\AppData\Local\Microsoft\WindowsApps;C:\Users\chris\AppData\Local\GitHubDesktop\bin;C:\Users\chris\.dotnet\tools;C:\Users\chris\AppData\Local\Microsoft\WindowsApps;C:\Users\chris\go\bin;C:\Users\chris\AppData\Local\Programs\Microsoft VS Code\bin;."/>
    <property name="maven.conf" value="C:\Program Files\NetBeans-15\netbeans\java\maven/conf"/>
    <property name="jdk.debug" value="release"/>
    <property name="java.class.version" value="63.0"/>
    <property name="java.specification.name" value="Java Platform API Specification"/>
    <property name="sun.management.compiler" value="HotSpot 64-Bit Tiered Compilers"/>
    <property name="os.version" value="10.0"/>
    <property name="library.jansi.path" value="C:\Program Files\NetBeans-15\netbeans\java\maven\lib\jansi-native"/>
    <property name="user.home" value="C:\Users\chris"/>
    <property name="user.timezone" value="America/Chicago"/>
    <property name="file.encoding" value="UTF-8"/>
    <property name="java.specification.version" value="19"/>
    <property name="user.name" value="chris"/>
    <property name="java.class.path" value="C:\Program Files\NetBeans-15\netbeans\java\maven\boot\plexus-classworlds-2.6.0.jar"/>
    <property name="java.vm.specification.version" value="19"/>
    <property name="sun.arch.data.model" value="64"/>
    <property name="sun.java.command" value="org.codehaus.plexus.classworlds.launcher.Launcher -Dtest=vendingmachine.service.VendingMachineServiceImplTest -Dmaven.ext.class.path=C:\Program Files\NetBeans-15\netbeans\java\maven-nblib\netbeans-eventspy.jar surefire:test"/>
    <property name="java.home" value="C:\Program Files\Java\jdk-19"/>
    <property name="user.language" value="en"/>
    <property name="java.specification.vendor" value="Oracle Corporation"/>
    <property name="java.vm.info" value="mixed mode, sharing"/>
    <property name="java.version" value="19"/>
    <property name="native.encoding" value="Cp1252"/>
    <property name="java.vendor" value="Oracle Corporation"/>
    <property name="maven.home" value="C:\Program Files\NetBeans-15\netbeans\java\maven"/>
    <property name="file.separator" value="\"/>
    <property name="java.version.date" value="2022-09-20"/>
    <property name="java.vendor.url.bug" value="https://bugreport.java.com/bugreport/"/>
    <property name="sun.io.unicode.encoding" value="UnicodeLittle"/>
    <property name="sun.cpu.endian" value="little"/>
    <property name="sun.cpu.isalist" value="amd64"/>
  </properties>
  <testcase classname="vendingmachine.service.VendingMachineServiceImplTest" name="vendingmachine.service.VendingMachineServiceImplTest.testLoadItemsInStock" time="0.034">
    <failure message="Test Items loaded from the file. ==&gt; expected: &lt;{8=christina.venmachineweek3.dto.Items@5d658da7}&gt; but was: &lt;{1=christina.venmachineweek3.dto.Items@5fb21a7, 2=christina.venmachineweek3.dto.Items@207ecd2c, 3=christina.venmachineweek3.dto.Items@a91ca641, 4=christina.venmachineweek3.dto.Items@571a9745, 5=christina.venmachineweek3.dto.Items@f3c749b7, 6=christina.venmachineweek3.dto.Items@dfa93040, 7=christina.venmachineweek3.dto.Items@7ae3ee6a, 8=christina.venmachineweek3.dto.Items@73425375, 9=christina.venmachineweek3.dto.Items@2010ab72, 10=christina.venmachineweek3.dto.Items@4c3cc4a8}&gt;" type="org.opentest4j.AssertionFailedError">org.opentest4j.AssertionFailedError: Test Items loaded from the file. ==&gt; expected: &lt;{8=christina.venmachineweek3.dto.Items@5d658da7}&gt; but was: &lt;{1=christina.venmachineweek3.dto.Items@5fb21a7, 2=christina.venmachineweek3.dto.Items@207ecd2c, 3=christina.venmachineweek3.dto.Items@a91ca641, 4=christina.venmachineweek3.dto.Items@571a9745, 5=christina.venmachineweek3.dto.Items@f3c749b7, 6=christina.venmachineweek3.dto.Items@dfa93040, 7=christina.venmachineweek3.dto.Items@7ae3ee6a, 8=christina.venmachineweek3.dto.Items@73425375, 9=christina.venmachineweek3.dto.Items@2010ab72, 10=christina.venmachineweek3.dto.Items@4c3cc4a8}&gt;
	at org.junit.jupiter.api.AssertionUtils.fail(AssertionUtils.java:55)
	at org.junit.jupiter.api.AssertionUtils.failNotEqual(AssertionUtils.java:62)
	at org.junit.jupiter.api.AssertEquals.assertEquals(AssertEquals.java:182)
	at org.junit.jupiter.api.Assertions.assertEquals(Assertions.java:1135)
	at vendingmachine.service.VendingMachineServiceImplTest.testLoadItemsInStock(VendingMachineServiceImplTest.java:48)
</failure>
    <system-out>loadItemsInStock
</system-out>
  </testcase>
  <testcase classname="vendingmachine.service.VendingMachineServiceImplTest" name="vendingmachine.service.VendingMachineServiceImplTest.testGetChosenItem" time="0">
    <failure message="Check bothe Items equal. ==&gt; expected: &lt;christina.venmachineweek3.dto.Items@5d658da7&gt; but was: &lt;christina.venmachineweek3.dto.Items@5fb21a7&gt;" type="org.opentest4j.AssertionFailedError">org.opentest4j.AssertionFailedError: Check bothe Items equal. ==&gt; expected: &lt;christina.venmachineweek3.dto.Items@5d658da7&gt; but was: &lt;christina.venmachineweek3.dto.Items@5fb21a7&gt;
	at org.junit.jupiter.api.AssertionUtils.fail(AssertionUtils.java:55)
	at org.junit.jupiter.api.AssertionUtils.failNotEqual(AssertionUtils.java:62)
	at org.junit.jupiter.api.AssertEquals.assertEquals(AssertEquals.java:182)
	at org.junit.jupiter.api.Assertions.assertEquals(Assertions.java:1135)
	at vendingmachine.service.VendingMachineServiceImplTest.testGetChosenItem(VendingMachineServiceImplTest.java:63)
</failure>
    <system-out>getChosenItem
</system-out>
  </testcase>
</testsuite>